t          l2           inf  
 7.7000      1.5015      1.5119
 7.8000      1.4827      1.5048
 7.9000      1.4612      1.4956
 8.0000      1.4392      1.4824
 8.1000      1.4184      1.4628
 8.2000      1.4005      1.4333
 8.3000      1.3869      1.3025
 8.4000      1.3784      1.0340
 8.5000      1.3756      0.9410
 8.6000      1.3787      0.8741
 8.7000      1.3877      0.8890
 8.8000      1.4022      0.9044
 8.9000      1.4214      0.9208
 9.0000      1.4445      0.9386
 9.1000      1.4705      0.9592
 9.2000      1.4983      0.9830
 9.3000      1.5266      1.0111
 9.4000      1.5544      1.0449
 9.5000      1.5804      1.1612
 9.6000      1.6036      1.4631
 9.7000      1.6227      1.8088
 9.8000      1.6371      1.9172
 9.9000      1.6460      1.8000
10.0000      1.6494      1.7026
10.1000      1.6474      1.6215
10.2000      1.6407      1.5528
10.3000      1.6303      1.5295
10.4000      1.6175      1.5146
10.5000      1.6038      1.4926
10.6000      1.5905      1.4628
10.7000      1.5789      1.4258
10.8000      1.5700      1.3851
10.9000      1.5648      1.2108
11.0000      1.5638      1.1717
11.1000      1.5673      1.0692
11.2000      1.5752      0.9186
11.3000      1.5872      0.8836
11.4000      1.6028      0.8937
11.5000      1.6216      0.9531
11.6000      1.6428      0.9599
11.7000      1.6657      0.9707
11.8000      1.6891      1.2004
11.9000      1.7121      1.4070
12.0000      1.7340      1.5766
12.1000      1.7541      1.7646
12.2000      1.7720      1.8326
12.3000      1.7870      1.9403
12.4000      1.7985      1.7920
12.5000      1.8057      1.6223
12.6000      1.8085      1.5803
12.7000      1.8071      1.5459
12.8000      1.8024      1.5000
12.9000      1.7953      1.4420
13.0000      1.7868      1.3780
13.1000      1.7776      1.3764
13.2000      1.7686      1.4014
13.3000      1.7608      1.4282
13.4000      1.7554      1.6713
13.5000      1.7529      1.5765
13.6000      1.7537      1.3913
13.7000      1.7571      1.2781
13.8000      1.7630      1.1455
13.9000      1.7714      1.2462
14.0000      1.7833      1.2788
14.1000      1.7992      1.2552
14.2000      1.8189      1.2233
14.3000      1.8405      1.3001
14.4000      1.8615      1.6692
14.5000      1.8803      2.0763
14.6000      1.8966      2.4133
14.7000      1.9113      2.5923
14.8000      1.9257      2.6619
14.9000      1.9402      2.3940
15.0000      1.9538      1.9942
15.1000      1.9645      2.0013
15.2000      1.9706      1.9709
15.3000      1.9714      1.8735
15.4000      1.9671      1.7036
15.5000      1.9587      1.4861
15.6000      1.9481      1.4788
15.7000      1.9374      1.6645
15.8000      1.9288      1.8521
15.9000      1.9240      1.9544
16.0000      1.9232      2.1856
16.1000      1.9246      1.9083
16.2000      1.9259      1.7066
16.3000      1.9252      1.4780
16.4000      1.9231      1.4021
16.5000      1.9231      1.3489
16.6000      1.9292      1.2649
16.7000      1.9442      1.3105
16.8000      1.9669      1.3438
16.9000      1.9928      1.4738
17.0000      2.0158      2.2546
17.1000      2.0318      2.8899
17.2000      2.0405      3.2704
17.3000      2.0450      2.9923
17.4000      2.0500      2.5638
17.5000      2.0590      2.1203
17.6000      2.0726      1.9911
17.7000      2.0883      1.9527
17.8000      2.1017      1.9658
17.9000      2.1088      1.9766
18.0000      2.1075      2.0562
18.1000      2.0985      2.0744
18.2000      2.0852      1.9856
18.3000      2.0722      2.0207
18.4000      2.0635      2.3623
18.5000      2.0607      2.5015
18.6000      2.0620      2.4885
18.7000      2.0634      2.5374
18.8000      2.0611      2.2937
18.9000      2.0538      2.0001
19.0000      2.0445      1.5702
19.1000      2.0390      1.4040
19.2000      2.0437      1.5602
19.3000      2.0617      1.6465
19.4000      2.0907      1.6476
19.5000      2.1241      1.9038
19.6000      2.1540      2.9918
19.7000      2.1741      3.4475
19.8000      2.1821      3.2617
19.9000      2.1801      2.9793
20.0000      2.1734      2.6058
20.1000      2.1678      2.2785
20.2000      2.1673      2.1965
20.3000      2.1724      2.0876
20.4000      2.1806      1.9413
20.5000      2.1880      1.8784
20.6000      2.1924      2.2891
20.7000      2.1937      2.4232
20.8000      2.1939      2.2915
20.9000      2.1957      2.3605
21.0000      2.2001      2.5441
21.1000      2.2059      2.6422
21.2000      2.2100      2.9599
21.3000      2.2085      3.2511
21.4000      2.1997      3.2663
21.5000      2.1855      2.4682
21.6000      2.1714      1.6980
21.7000      2.1647      1.7223
21.8000      2.1712      1.8048
21.9000      2.1923      1.8043
22.0000      2.2239      1.7318
22.1000      2.2593      2.8193
22.2000      2.2921      4.0594
22.3000      2.3178      3.7198
22.4000      2.3342      3.2374
22.5000      2.3408      2.6234
22.6000      2.3389      2.2775
22.7000      2.3317      2.3072
22.8000      2.3236      2.2279
22.9000      2.3180      2.2134
23.0000      2.3167      2.2711
23.1000      2.3193      2.4265
23.2000      2.3247      2.3720
23.3000      2.3323      2.3862
23.4000      2.3421      2.5617
23.5000      2.3537      2.8767
23.6000      2.3655      2.9752
23.7000      2.3748      3.0322
23.8000      2.3782      3.0795
23.9000      2.3733      3.6255
24.0000      2.3605      4.1062
24.1000      2.3437      2.8782
24.2000      2.3301      2.0300
24.3000      2.3277      2.1005
24.4000      2.3408      2.1909
24.5000      2.3668      2.2427
24.6000      2.3975      3.0401
24.7000      2.4242      4.3496
24.8000      2.4421      4.1198
24.9000      2.4521      3.7196
25.0000      2.4571      3.1780
25.1000      2.4597      2.4749
25.2000      2.4598      2.4007
25.3000      2.4566      2.3499
25.4000      2.4499      2.3652
25.5000      2.4421      2.4762
25.6000      2.4369      2.5281
25.7000      2.4379      2.3592
25.8000      2.4466      2.2717
25.9000      2.4615      2.4415
26.0000      2.4788      3.0443
26.1000      2.4939      3.4151
26.2000      2.5030      3.3302
26.3000      2.5036      3.2279
26.4000      2.4955      3.1444
26.5000      2.4799      3.5998
26.6000      2.4600      3.7000
26.7000      2.4410      2.6084
26.8000      2.4302      2.1979
26.9000      2.4349      2.2403
27.0000      2.4584      2.3048
27.1000      2.4971      2.3490
27.2000      2.5403      4.0328
27.3000      2.5748      4.4218
27.4000      2.5914      4.1770
27.5000      2.5880      3.7851
27.6000      2.5707      3.1564
27.7000      2.5495      2.5329
27.8000      2.5338      2.3956
27.9000      2.5287      2.2778
28.0000      2.5337      2.1734
28.1000      2.5455      2.2597
28.2000      2.5601      2.4356
28.3000      2.5749      2.6004
28.4000      2.5892      2.7216
28.5000      2.6028      2.9480
28.6000      2.6157      3.3442
28.7000      2.6269      3.6019
28.8000      2.6348      3.4684
28.9000      2.6374      3.3438
29.0000      2.6330      3.2292
29.1000      2.6211      3.6573
29.2000      2.6035      3.6178
29.3000      2.5854      2.4238
29.4000      2.5747      2.1192
29.5000      2.5788      2.2074
29.6000      2.5993      2.3029
29.7000      2.6304      2.7533
29.8000      2.6624      4.6279
29.9000      2.6876      4.4573
30.0000      2.7023      4.0206
30.1000      2.7040      3.3887
30.2000      2.6919      2.6120
30.3000      2.6684      2.4617
30.4000      2.6409      2.3811
30.5000      2.6193      2.4090
30.6000      2.6109      2.4456
30.7000      2.6173      2.4093
30.8000      2.6344      2.6850
30.9000      2.6555      3.3718
31.0000      2.6747      3.7141
31.1000      2.6891      3.8379
31.2000      2.6980      3.8379
31.3000      2.7026      3.8498
31.4000      2.7035      3.8525
31.5000      2.7015      3.8188
31.6000      2.6965      3.7627
31.7000      2.6880      3.5238
31.8000      2.6754      3.3233
31.9000      2.6608      2.3533
32.0000      2.6519      2.2135
32.1000      2.6599      2.3328
32.2000      2.6906      2.4492
32.3000      2.7358      2.9743
32.4000      2.7767      4.6367
32.5000      2.7967      4.5109
32.6000      2.7926      4.1460
32.7000      2.7749      3.5690
32.8000      2.7564      2.9362
32.9000      2.7431      2.6207
33.0000      2.7327      2.3537
33.1000      2.7220      2.2644
33.2000      2.7123      2.4427
33.3000      2.7088      2.8041
33.4000      2.7157      2.8352
33.5000      2.7325      3.1614
33.6000      2.7533      3.6566
33.7000      2.7706      3.8634
33.8000      2.7798      3.7547
33.9000      2.7813      3.4525
34.0000      2.7788      3.1332
34.1000      2.7768      2.9483
34.2000      2.7772      2.8637
34.3000      2.7783      2.9959
34.4000      2.7765      3.1705
34.5000      2.7708      2.3148
34.6000      2.7678      2.0203
34.7000      2.7783      2.2010
34.8000      2.8065      2.2869
34.9000      2.8447      3.5941
35.0000      2.8823      5.0066
35.1000      2.9126      4.3017
35.2000      2.9288      3.3774
35.3000      2.9233      2.5198
35.4000      2.8971      2.2547
35.5000      2.8634      2.9940
35.6000      2.8373      3.0853
35.7000      2.8244      2.9329
35.8000      2.8226      2.7436
35.9000      2.8297      2.8585
36.0000      2.8458      2.7612
36.1000      2.8701      2.7349
36.2000      2.8974      2.9219
36.3000      2.9196      3.1853
36.4000      2.9306      3.3904
36.5000      2.9297      3.3779
36.6000      2.9209      3.2696
36.7000      2.9093      3.1969
36.8000      2.8979      3.1285
36.9000      2.8862      3.1629
37.0000      2.8718      3.3483
37.1000      2.8557      2.4876
37.2000      2.8475      2.0736
37.3000      2.8630      2.2261
37.4000      2.9069      2.3077
37.5000      2.9631      3.5398
37.6000      3.0072      5.0939
37.7000      3.0266      4.4539
37.8000      3.0265      3.5901
37.9000      3.0204      2.5960
38.0000      3.0155      2.5675
38.1000      3.0084      2.4722
38.2000      2.9956      2.6370
38.3000      2.9808      3.1408
38.4000      2.9699      3.4208
38.5000      2.9645      3.1711
38.6000      2.9634      2.9513
38.7000      2.9676      2.9384
38.8000      2.9805      2.7868
38.9000      3.0050      2.7581
39.0000      3.0399      2.9162
39.1000      3.0793      3.1506
39.2000      3.1151      3.3143
39.3000      3.1399      3.2292
39.4000      3.1486      3.2043
39.5000      3.1394      3.7550
39.6000      3.1142      3.9449
39.7000      3.0822      2.7047
39.8000      3.0634      2.1865
39.9000      3.0794      2.3224
40.0000      3.1326      2.3293
40.1000      3.2029      4.1282
40.2000      3.2710      5.3143
40.3000      3.3290      4.1919
40.4000      3.3738      2.9702
40.5000      3.4053      2.5566
40.6000      3.4308      2.4254
40.7000      3.4585      3.3623
40.8000      3.4868      2.7704
40.9000      3.5077      3.8206
41.0000      3.5206      3.2631
41.1000      3.5359      3.3764
41.2000      3.5617      3.4951
41.3000      3.5953      3.6522
41.4000      3.6289      3.7698
41.5000      3.6608      3.8985
41.6000      3.6994      3.7541
41.7000      3.7570      3.6687
41.8000      3.8418      3.5482
41.9000      3.9540      3.7144
42.0000      4.0861      3.5874
42.1000      4.2262      4.1079
42.2000      4.3648      5.0002
42.3000      4.5049      3.2342
42.4000      4.6683      2.5143
42.5000      4.8823      2.4176
42.6000      5.1485      2.8050
42.7000      5.4370      4.4757
42.8000      5.7193      5.7495
42.9000      5.9926      5.4658
43.0000      6.2676      5.6304
43.1000      6.5447      7.4736
43.2000      6.8063      7.1153
43.3000      7.0289      9.0537
43.4000      7.1991     10.2142
43.5000      7.3171     11.5665
43.6000      7.3898     13.1804
43.7000      7.4302     12.9262
43.8000      7.4649     11.7906
43.9000      7.5353     11.0636
44.0000      7.6844     10.6178
44.1000      7.9443     10.8463
44.2000      8.3355     10.6177
44.3000      8.8723     11.5468
44.4000      9.5662     13.9297
44.5000     10.4216     15.3499
44.6000     11.4289     15.3551
44.7000     12.5594     17.1899
44.8000     13.7707     17.9040
44.9000     15.0301     13.4360
45.0000     16.3457     11.6864
45.1000     17.7600     11.7695
45.2000     19.2945     14.6262
45.3000     20.9100     24.1558
45.4000     22.5302     25.7212
45.5000     24.0879     27.1021
45.6000     25.5376     29.6476
45.7000     26.8486     36.7177
45.8000     27.9900     43.3418
45.9000     28.9209     49.5892
46.0000     29.6049     57.6418
46.1000     30.0481     64.0814
46.2000     30.3336     62.1373
46.3000     30.6085     56.7349
46.4000     31.0416     52.0246
46.5000     31.7863     48.9694
46.6000     32.9861     46.9365
46.7000     34.7705     52.0996
46.8000     37.2333     58.6447
46.9000     40.3964     70.1562
47.0000     44.2107     77.0848
47.1000     48.5773     82.0185
47.2000     53.3520     82.2928
47.3000     58.3272     90.4458
47.4000     63.2546     97.4713
47.5000     67.9477     80.3523
47.6000     72.3674     76.5010
47.7000     76.5499     82.4504
47.8000     80.4531    108.6111
47.9000     83.9517     94.8132
48.0000     86.9624     99.1434
48.1000     89.4891     88.7061
48.2000     91.5638     97.5522
48.3000     93.2099     93.2620
48.4000     94.4529    112.8862
48.5000     95.3374    106.2050
48.6000     95.9343    109.4269
48.7000     96.3139    111.9826
48.8000     96.5594    112.0209
48.9000     96.7679    107.7305
49.0000     97.0816    109.4482
49.1000     97.6256    110.7368
49.2000     98.4688    110.5140
49.3000     99.5817    108.6136
49.4000    100.8864    108.9902
49.5000    102.2840    105.5908
49.6000    103.6652    107.5762
49.7000    104.9275    104.5201
49.8000    106.0048    107.1801
49.9000    106.8826    111.8003
50.0000    107.5845    109.8322
50.1000    108.1499    112.7777
50.2000    108.6153    112.7711
50.3000    109.0001    105.6903
50.4000    109.3086    107.7021
50.5000    109.5459    110.2181
50.6000    109.7255    103.3274
50.7000    109.8640    112.2041
50.8000    109.9720    103.8979
50.9000    110.0509    115.9229
51.0000    110.1005    106.8103
51.1000    110.1140    109.7323
51.2000    110.0952    110.5089
51.3000    110.0407    109.7485
51.4000    109.9648    111.9342
51.5000    109.8721    110.7906
51.6000    109.7825    112.5287
51.7000    109.7071    112.4406
51.8000    109.6611    112.7281
51.9000    109.6503    108.1335
52.0000    109.6736    109.4097
52.1000    109.7264    110.2488
52.2000    109.8014    112.9146
52.3000    109.8931    106.3314
52.4000    109.9962    109.4330
52.5000    110.1057    112.8982
52.6000    110.2181    107.3449
52.7000    110.3297    110.7347
52.8000    110.4373    113.3563
52.9000    110.5375    106.2983
53.0000    110.6273    114.1591
53.1000    110.7054    110.0901
53.2000    110.7709    109.8047
53.3000    110.8234    111.9676
53.4000    110.8623    108.3027
53.5000    110.8843    113.6404
53.6000    110.8876    108.3901
53.7000    110.8654    110.9662
53.8000    110.8170    110.2344
53.9000    110.7373    110.2682
54.0000    110.6303    112.0771
54.1000    110.5002    109.9154
54.2000    110.3575    111.3108
54.3000    110.2173    111.8900
54.4000    110.0914    111.9099
54.5000    109.9935    109.1618
54.6000    109.9282    108.9591
54.7000    109.8984    115.0331
54.8000    109.9009    112.1358
54.9000    109.9305    106.6837
55.0000    109.9813    107.2941
55.1000    110.0463    114.6216
55.2000    110.1201    106.2452
55.3000    110.1974    107.6057
55.4000    110.2747    111.6553
55.5000    110.3500    114.5522
55.6000    110.4214    104.6730
55.7000    110.4886    112.4311
55.8000    110.5490    108.2776
55.9000    110.6000    109.8214
56.0000    110.6372    109.8468
56.1000    110.6547    109.6932
56.2000    110.6483    111.2319
56.3000    110.6130    109.0113
56.4000    110.5479    112.9227
56.5000    110.4559    109.0443
56.6000    110.3412    112.3414
56.7000    110.2181    109.6553
56.8000    110.0946    111.6544
56.9000    109.9885    113.5577
57.0000    109.9057    110.4023
57.1000    109.8565    106.8017
57.2000    109.8416    108.5771
57.3000    109.8613    114.3187
57.4000    109.9113    110.9765
57.5000    109.9857    104.6741
57.6000    110.0782    113.3852
57.7000    110.1815    110.1415
57.8000    110.2907    108.7656
57.9000    110.4003    112.8906
58.0000    110.5079    106.8445
58.1000    110.6113    107.9533
58.2000    110.7100    111.7745
58.3000    110.8039    114.3637
58.4000    110.8929    107.3912
58.5000    110.9762    112.2256
58.6000    111.0517    108.8292
58.7000    111.1172    111.4456
58.8000    111.1689    110.5295
58.9000    111.2050    110.1860
59.0000    111.2218    111.2979
59.1000    111.2200    111.2750
59.2000    111.1972    110.3359
59.3000    111.1575    112.3448
59.4000    111.1017    110.4275
59.5000    111.0368    112.7702
59.6000    110.9684    111.2722
59.7000    110.9041    112.3445
59.8000    110.8506    110.6671
59.9000    110.8129    112.3284
60.0000    110.7925    111.8962
60.1000    110.7899    109.7376
60.2000    110.8009    112.1868
60.3000    110.8222    111.1264
60.4000    110.8462    112.8006
60.5000    110.8664    108.7430
60.6000    110.8724    113.8865
60.7000    110.8548    108.4519
60.8000    110.7980    112.9855
60.9000    110.6908    110.8250
61.0000    110.5119    109.9846
61.1000    110.2580    108.9705
61.2000    109.9264    110.9136
61.3000    109.5604    108.3379
61.4000    109.2098    113.6157
61.5000    108.9356    110.5189
61.6000    108.7565    100.3124
61.7000    108.6684    108.5466
61.8000    108.6516    116.8288
61.9000    108.6920    110.8823
62.0000    108.7780     99.0097
62.1000    108.9041    111.9406
62.2000    109.0627    113.1317
